<?xml version="1.0" encoding="utf-8"?><testsuites><testsuite name="pytest" errors="0" failures="6" skipped="0" tests="7" time="9.675" timestamp="2021-05-04T01:41:16.767759" hostname="hp"><testcase classname="automation.test_final" name="test_1_success" time="1.470" /><testcase classname="automation.test_final" name="test_2_404_invalid_value" time="0.959"><failure message="assert 200 == 404&#10; +  where 200 = &lt;Response [200]&gt;.status_code">def test_2_404_invalid_value():
        request = "https://www.alphavantage.co/query?function=TIME_SERIES_DAILY&amp;symbol=IBM123&amp;apikey=6ISQW3Z84MLEBQI5"
        resp = requests.get(request)
        print("Request:\n" + request)
        print(resp)
        print("Response: \n" + str(resp.content))
    
&gt;       assert (resp.status_code == 404)
E       assert 200 == 404
E        +  where 200 = &lt;Response [200]&gt;.status_code

automation\test_final.py:21: AssertionError</failure></testcase><testcase classname="automation.test_final" name="test_3_400_invalid_key" time="1.050"><failure message="assert 200 == 400&#10; +  where 200 = &lt;Response [200]&gt;.status_code">def test_3_400_invalid_key():
        request = "https://www.alphavantage.co/query?function=TIME_SERIES_DAILY&amp;symbol123=IBM&amp;apikey=6ISQW3Z84MLEBQI5"
        resp = requests.get(request)
        print("Request:\n" + request)
        print(resp)
        print("Response: \n" + str(resp.content))
&gt;       assert (resp.status_code == 400)
E       assert 200 == 400
E        +  where 200 = &lt;Response [200]&gt;.status_code

automation\test_final.py:30: AssertionError</failure></testcase><testcase classname="automation.test_final" name="test_4_400_missing_required_key" time="1.785"><failure message="assert 200 == 400&#10; +  where 200 = &lt;Response [200]&gt;.status_code">def test_4_400_missing_required_key():
        request = "https://www.alphavantage.co/query?function=TIME_SERIES_DAILY&amp;apikey=6ISQW3Z84MLEBQI5"
        resp = requests.get(request)
        print("Request:\n" + request)
        print(resp)
        print("Response: \n" + str(resp.content))
&gt;       assert (resp.status_code == 400)
E       assert 200 == 400
E        +  where 200 = &lt;Response [200]&gt;.status_code

automation\test_final.py:39: AssertionError</failure></testcase><testcase classname="automation.test_final" name="test_5_403_apikey_authentication" time="1.042"><failure message="assert 200 == 403&#10; +  where 200 = &lt;Response [200]&gt;.status_code">def test_5_403_apikey_authentication():
        request = "https://www.alphavantage.co/query?function=TIME_SERIES_DAILY&amp;apikey=---------"
        resp = requests.get(request)
        print("Request:\n" + request)
        print(resp)
        print("Response: \n" + str(resp.content))
&gt;       assert (resp.status_code == 403)
E       assert 200 == 403
E        +  where 200 = &lt;Response [200]&gt;.status_code

automation\test_final.py:48: AssertionError</failure></testcase><testcase classname="automation.test_final" name="test_6_403_apikey_authentication" time="1.048"><failure message="assert 200 == 403&#10; +  where 200 = &lt;Response [200]&gt;.status_code">def test_6_403_apikey_authentication():
        request = "https://www.alphavantage.co/query?function=TIME_SERIES_DAILY&amp;apikey="
        resp = requests.get(request)
        print("Request:\n" + request)
        print(resp)
        print("Response: \n" + str(resp.content))
&gt;       assert (resp.status_code == 403)
E       assert 200 == 403
E        +  where 200 = &lt;Response [200]&gt;.status_code

automation\test_final.py:57: AssertionError</failure></testcase><testcase classname="automation.test_final" name="test_7_403_apikey_authentication" time="1.057"><failure message="assert 200 == 403&#10; +  where 200 = &lt;Response [200]&gt;.status_code">def test_7_403_apikey_authentication():
        request = "https://www.alphavantage.co/query?function=TIME_SERIES_DAILY&amp;apikey=---------"
        resp = requests.get(request)
        print("Request:\n" + request)
        print(resp)
        print("Response: \n" + str(resp.content))
&gt;       assert (resp.status_code == 403)
E       assert 200 == 403
E        +  where 200 = &lt;Response [200]&gt;.status_code

automation\test_final.py:66: AssertionError</failure></testcase></testsuite></testsuites>